<?xml version="1.0" encoding="UTF-8"?>
<testsuites name="sample 1" time="100" tests="4" failures="0" errors="0">
   <testsuite name="sample 1" tests="4" failures="0" errors="0" time="100" timestamp="2018-10-15 12:34:50" hostname="rajat - rajat-pc" id="Test Suites/sample 1">
      <properties>
         <property name="deviceName" value=""/>
         <property name="devicePlatform" value=""/>
         <property name="logFolder" value="C:\\Users\\rajat\\Katalon Studio\\Assignment1\\Reports\\sample 1\\20181015_123444"/>
         <property name="logFiles" value="C:\\Users\\rajat\\Katalon Studio\\Assignment1\\Reports\\sample 1\\20181015_123444\\execution0.log"/>
         <property name="attachments" value=""/>
         <property name="hostName" value="rajat - rajat-pc"/>
         <property name="os" value="Windows 8.1 64bit"/>
         <property name="katalonVersion" value="5.7.0.1"/>
         <property name="browser" value="Chrome 69.0.3497.100"/>
         <property name="hostAddress" value="192.168.20.63"/>
         <property name="sessionId" value="7939a81cfd1343439a238e9086f36e3a"/>
         <property name="seleniumVersion" value="3.7.1"/>
         <property name="proxyInformation" value="ProxyInformation{proxyOption=NO_PROXY, proxyServerType=HTTP, password=, proxyServerAddress=, proxyServerPort=0}"/>
         <property name="platform" value="Windows 8.1"/>
      </properties>
      <testcase name="Test Cases/Recording" classname="Test Cases/Recording" status="PASSED">
         <system-out><![CDATA[2018-10-15 12:34:52 - [TEST_CASE][PASSED] - Test Cases/Recording: Test Cases/Recording

2018-10-15 12:35:00 - [TEST_STEP][PASSED] - openBrowser: Browser is opened with url: ''

2018-10-15 12:35:35 - [MESSAGE][PASSED] - Browser is opened with url: ''

2018-10-15 12:35:35 - [TEST_STEP][PASSED] - maximizeWindow: Current window maximized

2018-10-15 12:35:36 - [MESSAGE][PASSED] - Current window maximized

2018-10-15 12:35:36 - [TEST_STEP][PASSED] - navigateToUrl: Navigate to 'https://www.phptravels.net/admin' successfully

2018-10-15 12:35:39 - [MESSAGE][PASSED] - Navigate to 'https://www.phptravels.net/admin' successfully

2018-10-15 12:35:39 - [TEST_STEP][PASSED] - setText: Text 'admin@phptravels.com' is set on object 'Object Repository/login and dashboard/Page_Administator Login/input_email'

2018-10-15 12:35:40 - [MESSAGE][PASSED] - Text 'admin@phptravels.com' is set on object 'Object Repository/login and dashboard/Page_Administator Login/input_email'

2018-10-15 12:35:40 - [TEST_STEP][PASSED] - setText: Text 'demoadmin' is set on object 'Object Repository/login and dashboard/Page_Administator Login/input_password'

2018-10-15 12:35:41 - [MESSAGE][PASSED] - Text 'demoadmin' is set on object 'Object Repository/login and dashboard/Page_Administator Login/input_password'

2018-10-15 12:35:41 - [TEST_STEP][PASSED] - click: Object: 'Object Repository/login and dashboard/Page_Administator Login/span_Login' is clicked on

2018-10-15 12:35:41 - [MESSAGE][PASSED] - Object: 'Object Repository/login and dashboard/Page_Administator Login/span_Login' is clicked on

2018-10-15 12:35:41 - [TEST_STEP][PASSED] - click: Object: 'Object Repository/login and dashboard/Page_Dashboard/a_Hotels' is clicked on

2018-10-15 12:35:55 - [MESSAGE][PASSED] - Object: 'Object Repository/login and dashboard/Page_Dashboard/a_Hotels' is clicked on

2018-10-15 12:35:55 - [TEST_STEP][PASSED] - click: Object: 'Object Repository/login and dashboard/Page_Dashboard/a_Hotels_1' is clicked on

2018-10-15 12:36:01 - [MESSAGE][PASSED] - Object: 'Object Repository/login and dashboard/Page_Dashboard/a_Hotels_1' is clicked on

2018-10-15 12:36:01 - [TEST_STEP][PASSED] - click: Object: 'Object Repository/login and dashboard/Page_Hotels Management/button_Add' is clicked on

2018-10-15 12:36:14 - [MESSAGE][PASSED] - Object: 'Object Repository/login and dashboard/Page_Hotels Management/button_Add' is clicked on

2018-10-15 12:36:14 - [TEST_STEP][PASSED] - setText: Text 'rajat_1539587174370' is set on object 'Object Repository/hotel data/Page_Add Hotel/input_hotelname'

2018-10-15 12:36:15 - [MESSAGE][PASSED] - Text 'rajat_1539587174370' is set on object 'Object Repository/hotel data/Page_Add Hotel/input_hotelname'

2018-10-15 12:36:15 - [TEST_STEP][PASSED] - switchToFrame: Switched to iframe: 'Object Repository/sample/Page_Add Hotel/iframe_cke_wysiwyg_frame cke_r'

2018-10-15 12:36:15 - [TEST_STEP][PASSED] - setText: Text 'The Hotel Hesperia is the right choice for visitors who are searching for a combination of charm, peace and quiet, and a convenient position from which to explore Venice. It is a small, comfortable hotel, situated on the Canale di Cannaregio. ... The hotel provides an internet point, and a Wi-Fi service.' is set on object 'Object Repository/sample/Page_Add Hotel/p'

2018-10-15 12:36:18 - [MESSAGE][PASSED] - Text 'The Hotel Hesperia is the right choice for visitors who are searching for a combination of charm, peace and quiet, and a convenient position from which to explore Venice. It is a small, comfortable hotel, situated on the Canale di Cannaregio. ... The hotel provides an internet point, and a Wi-Fi service.' is set on object 'Object Repository/sample/Page_Add Hotel/p'

2018-10-15 12:36:18 - [TEST_STEP][PASSED] - switchToDefaultContent: Switching to default content

2018-10-15 12:36:18 - [TEST_STEP][PASSED] - click: Object: 'Object Repository/New Folder 4/Page_Add Hotel/b' is clicked on

2018-10-15 12:36:18 - [MESSAGE][PASSED] - Object: 'Object Repository/New Folder 4/Page_Add Hotel/b' is clicked on

2018-10-15 12:36:18 - [TEST_STEP][PASSED] - setText: Text 'Beat' is set on object 'Object Repository/New Folder 4/Page_Add Hotel/input_select2-input select2-fo'

2018-10-15 12:36:18 - [MESSAGE][PASSED] - Text 'Beat' is set on object 'Object Repository/New Folder 4/Page_Add Hotel/input_select2-input select2-fo'

2018-10-15 12:36:18 - [TEST_STEP][PASSED] - waitForElementPresent: Object 'Object Repository/New Folder 4/Page_Add Hotel/div_New Delhi India' is present

2018-10-15 12:36:20 - [MESSAGE][PASSED] - Object 'Object Repository/New Folder 4/Page_Add Hotel/div_New Delhi India' is present

2018-10-15 12:36:20 - [TEST_STEP][PASSED] - click: Object: 'Object Repository/New Folder 4/Page_Add Hotel/div_New Delhi India' is clicked on

2018-10-15 12:36:20 - [MESSAGE][PASSED] - Object: 'Object Repository/New Folder 4/Page_Add Hotel/div_New Delhi India' is clicked on

2018-10-15 12:36:20 - [TEST_STEP][PASSED] - selectOptionByValue: All options with value '4' are selected in object 'Object Repository/hotel details 3/Page_Add Hotel/select_1'  using regular expression

2018-10-15 12:36:20 - [MESSAGE][PASSED] - All options with value '4' are selected in object 'Object Repository/hotel details 3/Page_Add Hotel/select_1'  using regular expression

2018-10-15 12:36:20 - [TEST_STEP][PASSED] - selectOptionByValue: All options with value '102' are selected in object 'Object Repository/hotel details 3/Page_Add Hotel/select_Apartment'  using regular expression

2018-10-15 12:36:21 - [MESSAGE][PASSED] - All options with value '102' are selected in object 'Object Repository/hotel details 3/Page_Add Hotel/select_Apartment'  using regular expression

2018-10-15 12:36:21 - [TEST_STEP][PASSED] - selectOptionByValue: All options with value 'percentage' are selected in object 'Object Repository/hotel details 3/Page_Add Hotel/select_Fixed                Pe'  using regular expression

2018-10-15 12:36:21 - [MESSAGE][PASSED] - All options with value 'percentage' are selected in object 'Object Repository/hotel details 3/Page_Add Hotel/select_Fixed                Pe'  using regular expression

2018-10-15 12:36:21 - [TEST_STEP][PASSED] - callTestCase: Call Test Case 'Test Cases/facilities' successfully

2018-10-15 12:36:21 - [TEST_CASE][PASSED] - Test Cases/facilities: Test Cases/facilities

2018-10-15 12:36:22 - [TEST_STEP][NOT_RUN] - openBrowser: NOT_RUN: openBrowser

2018-10-15 12:36:22 - [MESSAGE][NOT_RUN] - NOT_RUN: openBrowser

2018-10-15 12:36:22 - [TEST_STEP][PASSED] - waitForElementPresent: Object 'Object Repository/facilities -label/Page_Add Hotel/label_Airport Transport' is present

2018-10-15 12:36:22 - [MESSAGE][PASSED] - Object 'Object Repository/facilities -label/Page_Add Hotel/label_Airport Transport' is present

2018-10-15 12:36:22 - [TEST_STEP][PASSED] - click: Object: 'Object Repository/facilities -label/Page_Add Hotel (1)/a_Facilities' is clicked on

2018-10-15 12:36:22 - [MESSAGE][PASSED] - Object: 'Object Repository/facilities -label/Page_Add Hotel (1)/a_Facilities' is clicked on

2018-10-15 12:36:22 - [TEST_STEP][PASSED] - click: Object: 'Object Repository/facilities -label/Page_Add Hotel/label_Airport Transport' is clicked on

2018-10-15 12:36:22 - [MESSAGE][PASSED] - Object: 'Object Repository/facilities -label/Page_Add Hotel/label_Airport Transport' is clicked on

2018-10-15 12:36:22 - [TEST_STEP][PASSED] - waitForElementPresent: Object 'Object Repository/facilities -label/Page_Add Hotel/label_Business Center' is present

2018-10-15 12:36:22 - [MESSAGE][PASSED] - Object 'Object Repository/facilities -label/Page_Add Hotel/label_Business Center' is present

2018-10-15 12:36:22 - [TEST_STEP][PASSED] - click: Object: 'Object Repository/facilities -label/Page_Add Hotel/label_Business Center' is clicked on

2018-10-15 12:36:23 - [MESSAGE][PASSED] - Object: 'Object Repository/facilities -label/Page_Add Hotel/label_Business Center' is clicked on

2018-10-15 12:36:23 - [TEST_STEP][PASSED] - waitForElementPresent: Object 'Object Repository/facilities -label/Page_Add Hotel/label_Laundry Service' is present

2018-10-15 12:36:23 - [MESSAGE][PASSED] - Object 'Object Repository/facilities -label/Page_Add Hotel/label_Laundry Service' is present

2018-10-15 12:36:23 - [TEST_STEP][PASSED] - click: Object: 'Object Repository/facilities -label/Page_Add Hotel/label_Laundry Service' is clicked on

2018-10-15 12:36:23 - [MESSAGE][PASSED] - Object: 'Object Repository/facilities -label/Page_Add Hotel/label_Laundry Service' is clicked on

2018-10-15 12:36:23 - [TEST_STEP][PASSED] - waitForElementPresent: Object 'Object Repository/facilities -label/Page_Add Hotel/label_Bar Lounge' is present

2018-10-15 12:36:23 - [MESSAGE][PASSED] - Object 'Object Repository/facilities -label/Page_Add Hotel/label_Bar Lounge' is present

2018-10-15 12:36:23 - [TEST_STEP][PASSED] - click: Object: 'Object Repository/facilities -label/Page_Add Hotel/label_Bar Lounge' is clicked on

2018-10-15 12:36:23 - [MESSAGE][PASSED] - Object: 'Object Repository/facilities -label/Page_Add Hotel/label_Bar Lounge' is clicked on

2018-10-15 12:36:23 - [TEST_STEP][PASSED] - waitForElementPresent: Object 'Object Repository/facilities -label/Page_Add Hotel/label_Air Conditioner' is present

2018-10-15 12:36:23 - [MESSAGE][PASSED] - Object 'Object Repository/facilities -label/Page_Add Hotel/label_Air Conditioner' is present

2018-10-15 12:36:23 - [TEST_STEP][PASSED] - click: Object: 'Object Repository/facilities -label/Page_Add Hotel/label_Air Conditioner' is clicked on

2018-10-15 12:36:23 - [MESSAGE][PASSED] - Object: 'Object Repository/facilities -label/Page_Add Hotel/label_Air Conditioner' is clicked on

2018-10-15 12:36:23 - [TEST_STEP][PASSED] - waitForElementPresent: Object 'Object Repository/facilities -label/Page_Add Hotel/label_Elevator' is present

2018-10-15 12:36:23 - [MESSAGE][PASSED] - Object 'Object Repository/facilities -label/Page_Add Hotel/label_Elevator' is present

2018-10-15 12:36:23 - [TEST_STEP][PASSED] - click: Object: 'Object Repository/facilities -label/Page_Add Hotel/label_Elevator' is clicked on

2018-10-15 12:36:24 - [MESSAGE][PASSED] - Object: 'Object Repository/facilities -label/Page_Add Hotel/label_Elevator' is clicked on

2018-10-15 12:36:24 - [TEST_STEP][PASSED] - waitForElementPresent: Object 'Object Repository/facilities -label/Page_Add Hotel/label_Swimming Pool' is present

2018-10-15 12:36:24 - [MESSAGE][PASSED] - Object 'Object Repository/facilities -label/Page_Add Hotel/label_Swimming Pool' is present

2018-10-15 12:36:24 - [TEST_STEP][PASSED] - click: Object: 'Object Repository/facilities -label/Page_Add Hotel/label_Swimming Pool' is clicked on

2018-10-15 12:36:24 - [MESSAGE][PASSED] - Object: 'Object Repository/facilities -label/Page_Add Hotel/label_Swimming Pool' is clicked on

2018-10-15 12:36:24 - [TEST_STEP][PASSED] - waitForElementPresent: Object 'Object Repository/facilities -label/Page_Add Hotel/label_Fitness Center' is present

2018-10-15 12:36:24 - [MESSAGE][PASSED] - Object 'Object Repository/facilities -label/Page_Add Hotel/label_Fitness Center' is present

2018-10-15 12:36:24 - [TEST_STEP][PASSED] - click: Object: 'Object Repository/facilities -label/Page_Add Hotel/label_Fitness Center' is clicked on

2018-10-15 12:36:24 - [MESSAGE][PASSED] - Object: 'Object Repository/facilities -label/Page_Add Hotel/label_Fitness Center' is clicked on

2018-10-15 12:36:24 - [TEST_STEP][PASSED] - waitForElementPresent: Object 'Object Repository/facilities -label/Page_Add Hotel/label_Restaurant' is present

2018-10-15 12:36:24 - [MESSAGE][PASSED] - Object 'Object Repository/facilities -label/Page_Add Hotel/label_Restaurant' is present

2018-10-15 12:36:24 - [TEST_STEP][PASSED] - click: Object: 'Object Repository/facilities -label/Page_Add Hotel/label_Restaurant' is clicked on

2018-10-15 12:36:24 - [MESSAGE][PASSED] - Object: 'Object Repository/facilities -label/Page_Add Hotel/label_Restaurant' is clicked on

2018-10-15 12:36:24 - [TEST_STEP][PASSED] - waitForElementPresent: Object 'Object Repository/facilities -label/Page_Add Hotel/label_Disabled Facilities' is present

2018-10-15 12:36:24 - [MESSAGE][PASSED] - Object 'Object Repository/facilities -label/Page_Add Hotel/label_Disabled Facilities' is present

2018-10-15 12:36:24 - [TEST_STEP][PASSED] - click: Object: 'Object Repository/facilities -label/Page_Add Hotel/label_Disabled Facilities' is clicked on

2018-10-15 12:36:24 - [MESSAGE][PASSED] - Object: 'Object Repository/facilities -label/Page_Add Hotel/label_Disabled Facilities' is clicked on

2018-10-15 12:36:24 - [TEST_STEP][PASSED] - waitForElementPresent: Object 'Object Repository/facilities -label/Page_Add Hotel/label_Children Activites' is present

2018-10-15 12:36:24 - [MESSAGE][PASSED] - Object 'Object Repository/facilities -label/Page_Add Hotel/label_Children Activites' is present

2018-10-15 12:36:24 - [TEST_STEP][PASSED] - click: Object: 'Object Repository/facilities -label/Page_Add Hotel/label_Children Activites' is clicked on

2018-10-15 12:36:25 - [MESSAGE][PASSED] - Object: 'Object Repository/facilities -label/Page_Add Hotel/label_Children Activites' is clicked on

2018-10-15 12:36:25 - [TEST_STEP][PASSED] - waitForElementPresent: Object 'Object Repository/facilities -label/Page_Add Hotel/label_Pets Allowed' is present

2018-10-15 12:36:25 - [MESSAGE][PASSED] - Object 'Object Repository/facilities -label/Page_Add Hotel/label_Pets Allowed' is present

2018-10-15 12:36:25 - [TEST_STEP][PASSED] - click: Object: 'Object Repository/facilities -label/Page_Add Hotel/label_Pets Allowed' is clicked on

2018-10-15 12:36:25 - [MESSAGE][PASSED] - Object: 'Object Repository/facilities -label/Page_Add Hotel/label_Pets Allowed' is clicked on

2018-10-15 12:36:25 - [TEST_STEP][PASSED] - waitForElementPresent: Object 'Object Repository/facilities -label/Page_Add Hotel/label_SPA' is present

2018-10-15 12:36:25 - [MESSAGE][PASSED] - Object 'Object Repository/facilities -label/Page_Add Hotel/label_SPA' is present

2018-10-15 12:36:25 - [TEST_STEP][PASSED] - click: Object: 'Object Repository/facilities -label/Page_Add Hotel/label_SPA' is clicked on

2018-10-15 12:36:25 - [MESSAGE][PASSED] - Object: 'Object Repository/facilities -label/Page_Add Hotel/label_SPA' is clicked on

2018-10-15 12:36:25 - [TEST_STEP][NOT_RUN] - click: NOT_RUN: click

2018-10-15 12:36:25 - [MESSAGE][NOT_RUN] - NOT_RUN: click

2018-10-15 12:36:25 - [TEST_STEP][NOT_RUN] - closeBrowser: NOT_RUN: closeBrowser

2018-10-15 12:36:25 - [MESSAGE][NOT_RUN] - NOT_RUN: closeBrowser

2018-10-15 12:36:25 - [MESSAGE][PASSED] - Call Test Case 'Test Cases/facilities' successfully

2018-10-15 12:36:25 - [TEST_STEP][PASSED] - callTestCase: Call Test Case 'Test Cases/Meta facility' successfully

2018-10-15 12:36:25 - [TEST_CASE][PASSED] - Test Cases/Meta facility: Test Cases/Meta facility

2018-10-15 12:36:25 - [TEST_STEP][PASSED] - click: Object: 'Object Repository/meta facilities/Page_Add Hotel/a_Meta Info' is clicked on

2018-10-15 12:36:26 - [MESSAGE][PASSED] - Object: 'Object Repository/meta facilities/Page_Add Hotel/a_Meta Info' is clicked on

2018-10-15 12:36:26 - [TEST_STEP][PASSED] - waitForElementPresent: Object 'Object Repository/meta facilities/Page_Add Hotel/input_hotelmetatitle' is present

2018-10-15 12:36:26 - [MESSAGE][PASSED] - Object 'Object Repository/meta facilities/Page_Add Hotel/input_hotelmetatitle' is present

2018-10-15 12:36:26 - [TEST_STEP][PASSED] - sendKeys: Keys 'sample' sent to object: 'Object Repository/meta facilities/Page_Add Hotel/input_hotelmetatitle'

2018-10-15 12:36:26 - [MESSAGE][PASSED] - Keys 'sample' sent to object: 'Object Repository/meta facilities/Page_Add Hotel/input_hotelmetatitle'

2018-10-15 12:36:26 - [TEST_STEP][PASSED] - waitForElementPresent: Object 'Object Repository/meta facilities/Page_Add Hotel/textarea_hotelkeywords' is present

2018-10-15 12:36:26 - [MESSAGE][PASSED] - Object 'Object Repository/meta facilities/Page_Add Hotel/textarea_hotelkeywords' is present

2018-10-15 12:36:26 - [TEST_STEP][PASSED] - sendKeys: Keys 'sample keywords' sent to object: 'Object Repository/meta facilities/Page_Add Hotel/textarea_hotelkeywords'

2018-10-15 12:36:26 - [MESSAGE][PASSED] - Keys 'sample keywords' sent to object: 'Object Repository/meta facilities/Page_Add Hotel/textarea_hotelkeywords'

2018-10-15 12:36:26 - [TEST_STEP][PASSED] - waitForElementPresent: Object 'Object Repository/meta facilities/Page_Add Hotel/textarea_hotelmetadesc' is present

2018-10-15 12:36:26 - [MESSAGE][PASSED] - Object 'Object Repository/meta facilities/Page_Add Hotel/textarea_hotelmetadesc' is present

2018-10-15 12:36:26 - [TEST_STEP][PASSED] - sendKeys: Keys 'sample description' sent to object: 'Object Repository/meta facilities/Page_Add Hotel/textarea_hotelmetadesc'

2018-10-15 12:36:27 - [MESSAGE][PASSED] - Keys 'sample description' sent to object: 'Object Repository/meta facilities/Page_Add Hotel/textarea_hotelmetadesc'

2018-10-15 12:36:27 - [TEST_STEP][NOT_RUN] - click: NOT_RUN: click

2018-10-15 12:36:27 - [MESSAGE][NOT_RUN] - NOT_RUN: click

2018-10-15 12:36:27 - [MESSAGE][PASSED] - Call Test Case 'Test Cases/Meta facility' successfully

2018-10-15 12:36:27 - [TEST_STEP][PASSED] - callTestCase: Call Test Case 'Test Cases/policy' successfully

2018-10-15 12:36:27 - [TEST_CASE][PASSED] - Test Cases/policy: Test Cases/policy

2018-10-15 12:36:27 - [TEST_STEP][PASSED] - click: Object: 'Object Repository/Policy/Page_Add Hotel/a_Policy' is clicked on

2018-10-15 12:36:27 - [MESSAGE][PASSED] - Object: 'Object Repository/Policy/Page_Add Hotel/a_Policy' is clicked on

2018-10-15 12:36:27 - [TEST_STEP][NOT_RUN] - click: NOT_RUN: click

2018-10-15 12:36:27 - [MESSAGE][NOT_RUN] - NOT_RUN: click

2018-10-15 12:36:27 - [TEST_STEP][PASSED] - waitForElementPresent: Object 'Object Repository/Policy/Page_Add Hotel/div_select2-drop-mask' is present

2018-10-15 12:36:27 - [MESSAGE][PASSED] - Object 'Object Repository/Policy/Page_Add Hotel/div_select2-drop-mask' is present

2018-10-15 12:36:28 - [TEST_STEP][PASSED] - click: Object: 'Object Repository/Policy/Page_Add Hotel/div_Master Visa Card' is clicked on

2018-10-15 12:36:28 - [MESSAGE][PASSED] - Object: 'Object Repository/Policy/Page_Add Hotel/div_Master Visa Card' is clicked on

2018-10-15 12:36:28 - [TEST_STEP][PASSED] - closeBrowser: Browser is closed

2018-10-15 12:36:29 - [MESSAGE][PASSED] - Browser is closed

2018-10-15 12:36:29 - [MESSAGE][PASSED] - Call Test Case 'Test Cases/policy' successfully

2018-10-15 12:36:29 - [TEST_STEP][PASSED] - click: Unable to click on object 'Object Repository/hotel details 3/Page_Add Hotel/button_Submit' (Root cause: com.kms.katalon.core.webui.exception.BrowserNotOpenedException: Browser is not opened
Build info: version: '3.7.1', revision: '8a0099a', time: '2017-11-06T21:07:36.161Z'
System info: host: 'RAJAT-PC', ip: '192.168.20.63', os.name: 'Windows 8.1', os.arch: 'amd64', os.version: '6.3', java.version: '1.8.0_102'
Driver info: driver.version: unknown)

2018-10-15 12:36:29 - [MESSAGE][WARNING] - Cannot take screenshot

2018-10-15 12:36:29 - [MESSAGE][WARNING] - Unable to click on object 'Object Repository/hotel details 3/Page_Add Hotel/button_Submit' (Root cause: com.kms.katalon.core.webui.exception.BrowserNotOpenedException: Browser is not opened
Build info: version: '3.7.1', revision: '8a0099a', time: '2017-11-06T21:07:36.161Z'
System info: host: 'RAJAT-PC', ip: '192.168.20.63', os.name: 'Windows 8.1', os.arch: 'amd64', os.version: '6.3', java.version: '1.8.0_102'
Driver info: driver.version: unknown)

2018-10-15 12:36:29 - [TEST_STEP][PASSED] - verifyElementPresent: Unable to verify object 'Object Repository/verification' is present (Root cause: com.kms.katalon.core.webui.exception.BrowserNotOpenedException: Browser is not opened
Build info: version: '3.7.1', revision: '8a0099a', time: '2017-11-06T21:07:36.161Z'
System info: host: 'RAJAT-PC', ip: '192.168.20.63', os.name: 'Windows 8.1', os.arch: 'amd64', os.version: '6.3', java.version: '1.8.0_102'
Driver info: driver.version: unknown)

2018-10-15 12:36:29 - [MESSAGE][WARNING] - Cannot take screenshot

2018-10-15 12:36:29 - [MESSAGE][WARNING] - Unable to verify object 'Object Repository/verification' is present (Root cause: com.kms.katalon.core.webui.exception.BrowserNotOpenedException: Browser is not opened
Build info: version: '3.7.1', revision: '8a0099a', time: '2017-11-06T21:07:36.161Z'
System info: host: 'RAJAT-PC', ip: '192.168.20.63', os.name: 'Windows 8.1', os.arch: 'amd64', os.version: '6.3', java.version: '1.8.0_102'
Driver info: driver.version: unknown)

2018-10-15 12:36:29 - [TEST_STEP][PASSED] - closeBrowser: Browser is closed

2018-10-15 12:36:29 - [MESSAGE][PASSED] - Browser is closed]]></system-out>
         <system-err><![CDATA[]]></system-err>
      </testcase>
      <testcase name="Test Cases/Policy" classname="Test Cases/Policy" status="PASSED">
         <system-out><![CDATA[2018-10-15 12:36:29 - [TEST_CASE][PASSED] - Test Cases/Policy: Test Cases/Policy

2018-10-15 12:36:29 - [TEST_STEP][PASSED] - click: Unable to click on object 'Object Repository/Policy/Page_Add Hotel/a_Policy' (Root cause: com.kms.katalon.core.webui.exception.BrowserNotOpenedException: Browser is not opened
Build info: version: '3.7.1', revision: '8a0099a', time: '2017-11-06T21:07:36.161Z'
System info: host: 'RAJAT-PC', ip: '192.168.20.63', os.name: 'Windows 8.1', os.arch: 'amd64', os.version: '6.3', java.version: '1.8.0_102'
Driver info: driver.version: unknown)

2018-10-15 12:36:29 - [MESSAGE][WARNING] - Cannot take screenshot

2018-10-15 12:36:29 - [MESSAGE][WARNING] - Unable to click on object 'Object Repository/Policy/Page_Add Hotel/a_Policy' (Root cause: com.kms.katalon.core.webui.exception.BrowserNotOpenedException: Browser is not opened
Build info: version: '3.7.1', revision: '8a0099a', time: '2017-11-06T21:07:36.161Z'
System info: host: 'RAJAT-PC', ip: '192.168.20.63', os.name: 'Windows 8.1', os.arch: 'amd64', os.version: '6.3', java.version: '1.8.0_102'
Driver info: driver.version: unknown)

2018-10-15 12:36:29 - [TEST_STEP][NOT_RUN] - click: NOT_RUN: click

2018-10-15 12:36:29 - [MESSAGE][NOT_RUN] - NOT_RUN: click

2018-10-15 12:36:29 - [TEST_STEP][PASSED] - waitForElementPresent: Unable to wait for object 'Object Repository/Policy/Page_Add Hotel/div_select2-drop-mask' to be present (Root cause: com.kms.katalon.core.webui.exception.BrowserNotOpenedException: Browser is not opened
Build info: version: '3.7.1', revision: '8a0099a', time: '2017-11-06T21:07:36.161Z'
System info: host: 'RAJAT-PC', ip: '192.168.20.63', os.name: 'Windows 8.1', os.arch: 'amd64', os.version: '6.3', java.version: '1.8.0_102'
Driver info: driver.version: unknown)

2018-10-15 12:36:29 - [MESSAGE][WARNING] - Cannot take screenshot

2018-10-15 12:36:29 - [MESSAGE][WARNING] - Unable to wait for object 'Object Repository/Policy/Page_Add Hotel/div_select2-drop-mask' to be present (Root cause: com.kms.katalon.core.webui.exception.BrowserNotOpenedException: Browser is not opened
Build info: version: '3.7.1', revision: '8a0099a', time: '2017-11-06T21:07:36.161Z'
System info: host: 'RAJAT-PC', ip: '192.168.20.63', os.name: 'Windows 8.1', os.arch: 'amd64', os.version: '6.3', java.version: '1.8.0_102'
Driver info: driver.version: unknown)

2018-10-15 12:36:29 - [TEST_STEP][PASSED] - click: Unable to click on object 'Object Repository/Policy/Page_Add Hotel/div_Master Visa Card' (Root cause: com.kms.katalon.core.webui.exception.BrowserNotOpenedException: Browser is not opened
Build info: version: '3.7.1', revision: '8a0099a', time: '2017-11-06T21:07:36.161Z'
System info: host: 'RAJAT-PC', ip: '192.168.20.63', os.name: 'Windows 8.1', os.arch: 'amd64', os.version: '6.3', java.version: '1.8.0_102'
Driver info: driver.version: unknown)

2018-10-15 12:36:29 - [MESSAGE][WARNING] - Cannot take screenshot

2018-10-15 12:36:29 - [MESSAGE][WARNING] - Unable to click on object 'Object Repository/Policy/Page_Add Hotel/div_Master Visa Card' (Root cause: com.kms.katalon.core.webui.exception.BrowserNotOpenedException: Browser is not opened
Build info: version: '3.7.1', revision: '8a0099a', time: '2017-11-06T21:07:36.161Z'
System info: host: 'RAJAT-PC', ip: '192.168.20.63', os.name: 'Windows 8.1', os.arch: 'amd64', os.version: '6.3', java.version: '1.8.0_102'
Driver info: driver.version: unknown)

2018-10-15 12:36:29 - [TEST_STEP][PASSED] - closeBrowser: Browser is closed

2018-10-15 12:36:29 - [MESSAGE][PASSED] - Browser is closed]]></system-out>
         <system-err><![CDATA[]]></system-err>
      </testcase>
      <testcase name="Test Cases/Meta facility" classname="Test Cases/Meta facility" status="PASSED">
         <system-out><![CDATA[2018-10-15 12:36:29 - [TEST_CASE][PASSED] - Test Cases/Meta facility: Test Cases/Meta facility

2018-10-15 12:36:29 - [TEST_STEP][PASSED] - click: Unable to click on object 'Object Repository/meta facilities/Page_Add Hotel/a_Meta Info' (Root cause: com.kms.katalon.core.webui.exception.BrowserNotOpenedException: Browser is not opened
Build info: version: '3.7.1', revision: '8a0099a', time: '2017-11-06T21:07:36.161Z'
System info: host: 'RAJAT-PC', ip: '192.168.20.63', os.name: 'Windows 8.1', os.arch: 'amd64', os.version: '6.3', java.version: '1.8.0_102'
Driver info: driver.version: unknown)

2018-10-15 12:36:29 - [MESSAGE][WARNING] - Cannot take screenshot

2018-10-15 12:36:29 - [MESSAGE][WARNING] - Unable to click on object 'Object Repository/meta facilities/Page_Add Hotel/a_Meta Info' (Root cause: com.kms.katalon.core.webui.exception.BrowserNotOpenedException: Browser is not opened
Build info: version: '3.7.1', revision: '8a0099a', time: '2017-11-06T21:07:36.161Z'
System info: host: 'RAJAT-PC', ip: '192.168.20.63', os.name: 'Windows 8.1', os.arch: 'amd64', os.version: '6.3', java.version: '1.8.0_102'
Driver info: driver.version: unknown)

2018-10-15 12:36:29 - [TEST_STEP][PASSED] - waitForElementPresent: Unable to wait for object 'Object Repository/meta facilities/Page_Add Hotel/input_hotelmetatitle' to be present (Root cause: com.kms.katalon.core.webui.exception.BrowserNotOpenedException: Browser is not opened
Build info: version: '3.7.1', revision: '8a0099a', time: '2017-11-06T21:07:36.161Z'
System info: host: 'RAJAT-PC', ip: '192.168.20.63', os.name: 'Windows 8.1', os.arch: 'amd64', os.version: '6.3', java.version: '1.8.0_102'
Driver info: driver.version: unknown)

2018-10-15 12:36:29 - [MESSAGE][WARNING] - Cannot take screenshot

2018-10-15 12:36:29 - [MESSAGE][WARNING] - Unable to wait for object 'Object Repository/meta facilities/Page_Add Hotel/input_hotelmetatitle' to be present (Root cause: com.kms.katalon.core.webui.exception.BrowserNotOpenedException: Browser is not opened
Build info: version: '3.7.1', revision: '8a0099a', time: '2017-11-06T21:07:36.161Z'
System info: host: 'RAJAT-PC', ip: '192.168.20.63', os.name: 'Windows 8.1', os.arch: 'amd64', os.version: '6.3', java.version: '1.8.0_102'
Driver info: driver.version: unknown)

2018-10-15 12:36:29 - [TEST_STEP][PASSED] - sendKeys: Unable to send keys 'sample' to object 'Object Repository/meta facilities/Page_Add Hotel/input_hotelmetatitle' (Root cause: com.kms.katalon.core.webui.exception.BrowserNotOpenedException: Browser is not opened
Build info: version: '3.7.1', revision: '8a0099a', time: '2017-11-06T21:07:36.161Z'
System info: host: 'RAJAT-PC', ip: '192.168.20.63', os.name: 'Windows 8.1', os.arch: 'amd64', os.version: '6.3', java.version: '1.8.0_102'
Driver info: driver.version: unknown)

2018-10-15 12:36:29 - [MESSAGE][WARNING] - Cannot take screenshot

2018-10-15 12:36:29 - [MESSAGE][WARNING] - Unable to send keys 'sample' to object 'Object Repository/meta facilities/Page_Add Hotel/input_hotelmetatitle' (Root cause: com.kms.katalon.core.webui.exception.BrowserNotOpenedException: Browser is not opened
Build info: version: '3.7.1', revision: '8a0099a', time: '2017-11-06T21:07:36.161Z'
System info: host: 'RAJAT-PC', ip: '192.168.20.63', os.name: 'Windows 8.1', os.arch: 'amd64', os.version: '6.3', java.version: '1.8.0_102'
Driver info: driver.version: unknown)

2018-10-15 12:36:29 - [TEST_STEP][PASSED] - waitForElementPresent: Unable to wait for object 'Object Repository/meta facilities/Page_Add Hotel/textarea_hotelkeywords' to be present (Root cause: com.kms.katalon.core.webui.exception.BrowserNotOpenedException: Browser is not opened
Build info: version: '3.7.1', revision: '8a0099a', time: '2017-11-06T21:07:36.161Z'
System info: host: 'RAJAT-PC', ip: '192.168.20.63', os.name: 'Windows 8.1', os.arch: 'amd64', os.version: '6.3', java.version: '1.8.0_102'
Driver info: driver.version: unknown)

2018-10-15 12:36:29 - [MESSAGE][WARNING] - Cannot take screenshot

2018-10-15 12:36:29 - [MESSAGE][WARNING] - Unable to wait for object 'Object Repository/meta facilities/Page_Add Hotel/textarea_hotelkeywords' to be present (Root cause: com.kms.katalon.core.webui.exception.BrowserNotOpenedException: Browser is not opened
Build info: version: '3.7.1', revision: '8a0099a', time: '2017-11-06T21:07:36.161Z'
System info: host: 'RAJAT-PC', ip: '192.168.20.63', os.name: 'Windows 8.1', os.arch: 'amd64', os.version: '6.3', java.version: '1.8.0_102'
Driver info: driver.version: unknown)

2018-10-15 12:36:29 - [TEST_STEP][PASSED] - sendKeys: Unable to send keys 'sample keywords' to object 'Object Repository/meta facilities/Page_Add Hotel/textarea_hotelkeywords' (Root cause: com.kms.katalon.core.webui.exception.BrowserNotOpenedException: Browser is not opened
Build info: version: '3.7.1', revision: '8a0099a', time: '2017-11-06T21:07:36.161Z'
System info: host: 'RAJAT-PC', ip: '192.168.20.63', os.name: 'Windows 8.1', os.arch: 'amd64', os.version: '6.3', java.version: '1.8.0_102'
Driver info: driver.version: unknown)

2018-10-15 12:36:29 - [MESSAGE][WARNING] - Cannot take screenshot

2018-10-15 12:36:29 - [MESSAGE][WARNING] - Unable to send keys 'sample keywords' to object 'Object Repository/meta facilities/Page_Add Hotel/textarea_hotelkeywords' (Root cause: com.kms.katalon.core.webui.exception.BrowserNotOpenedException: Browser is not opened
Build info: version: '3.7.1', revision: '8a0099a', time: '2017-11-06T21:07:36.161Z'
System info: host: 'RAJAT-PC', ip: '192.168.20.63', os.name: 'Windows 8.1', os.arch: 'amd64', os.version: '6.3', java.version: '1.8.0_102'
Driver info: driver.version: unknown)

2018-10-15 12:36:29 - [TEST_STEP][PASSED] - waitForElementPresent: Unable to wait for object 'Object Repository/meta facilities/Page_Add Hotel/textarea_hotelmetadesc' to be present (Root cause: com.kms.katalon.core.webui.exception.BrowserNotOpenedException: Browser is not opened
Build info: version: '3.7.1', revision: '8a0099a', time: '2017-11-06T21:07:36.161Z'
System info: host: 'RAJAT-PC', ip: '192.168.20.63', os.name: 'Windows 8.1', os.arch: 'amd64', os.version: '6.3', java.version: '1.8.0_102'
Driver info: driver.version: unknown)

2018-10-15 12:36:29 - [MESSAGE][WARNING] - Cannot take screenshot

2018-10-15 12:36:29 - [MESSAGE][WARNING] - Unable to wait for object 'Object Repository/meta facilities/Page_Add Hotel/textarea_hotelmetadesc' to be present (Root cause: com.kms.katalon.core.webui.exception.BrowserNotOpenedException: Browser is not opened
Build info: version: '3.7.1', revision: '8a0099a', time: '2017-11-06T21:07:36.161Z'
System info: host: 'RAJAT-PC', ip: '192.168.20.63', os.name: 'Windows 8.1', os.arch: 'amd64', os.version: '6.3', java.version: '1.8.0_102'
Driver info: driver.version: unknown)

2018-10-15 12:36:29 - [TEST_STEP][PASSED] - sendKeys: Unable to send keys 'sample description' to object 'Object Repository/meta facilities/Page_Add Hotel/textarea_hotelmetadesc' (Root cause: com.kms.katalon.core.webui.exception.BrowserNotOpenedException: Browser is not opened
Build info: version: '3.7.1', revision: '8a0099a', time: '2017-11-06T21:07:36.161Z'
System info: host: 'RAJAT-PC', ip: '192.168.20.63', os.name: 'Windows 8.1', os.arch: 'amd64', os.version: '6.3', java.version: '1.8.0_102'
Driver info: driver.version: unknown)

2018-10-15 12:36:29 - [MESSAGE][WARNING] - Cannot take screenshot

2018-10-15 12:36:29 - [MESSAGE][WARNING] - Unable to send keys 'sample description' to object 'Object Repository/meta facilities/Page_Add Hotel/textarea_hotelmetadesc' (Root cause: com.kms.katalon.core.webui.exception.BrowserNotOpenedException: Browser is not opened
Build info: version: '3.7.1', revision: '8a0099a', time: '2017-11-06T21:07:36.161Z'
System info: host: 'RAJAT-PC', ip: '192.168.20.63', os.name: 'Windows 8.1', os.arch: 'amd64', os.version: '6.3', java.version: '1.8.0_102'
Driver info: driver.version: unknown)

2018-10-15 12:36:29 - [TEST_STEP][NOT_RUN] - click: NOT_RUN: click

2018-10-15 12:36:29 - [MESSAGE][NOT_RUN] - NOT_RUN: click]]></system-out>
         <system-err><![CDATA[]]></system-err>
      </testcase>
      <testcase name="Test Cases/facilities" classname="Test Cases/facilities" status="PASSED">
         <system-out><![CDATA[2018-10-15 12:36:30 - [TEST_CASE][PASSED] - Test Cases/facilities: Test Cases/facilities

2018-10-15 12:36:30 - [TEST_STEP][NOT_RUN] - openBrowser: NOT_RUN: openBrowser

2018-10-15 12:36:30 - [MESSAGE][NOT_RUN] - NOT_RUN: openBrowser

2018-10-15 12:36:30 - [TEST_STEP][PASSED] - waitForElementPresent: Unable to wait for object 'Object Repository/facilities -label/Page_Add Hotel/label_Airport Transport' to be present (Root cause: com.kms.katalon.core.webui.exception.BrowserNotOpenedException: Browser is not opened
Build info: version: '3.7.1', revision: '8a0099a', time: '2017-11-06T21:07:36.161Z'
System info: host: 'RAJAT-PC', ip: '192.168.20.63', os.name: 'Windows 8.1', os.arch: 'amd64', os.version: '6.3', java.version: '1.8.0_102'
Driver info: driver.version: unknown)

2018-10-15 12:36:30 - [MESSAGE][WARNING] - Cannot take screenshot

2018-10-15 12:36:30 - [MESSAGE][WARNING] - Unable to wait for object 'Object Repository/facilities -label/Page_Add Hotel/label_Airport Transport' to be present (Root cause: com.kms.katalon.core.webui.exception.BrowserNotOpenedException: Browser is not opened
Build info: version: '3.7.1', revision: '8a0099a', time: '2017-11-06T21:07:36.161Z'
System info: host: 'RAJAT-PC', ip: '192.168.20.63', os.name: 'Windows 8.1', os.arch: 'amd64', os.version: '6.3', java.version: '1.8.0_102'
Driver info: driver.version: unknown)

2018-10-15 12:36:30 - [TEST_STEP][PASSED] - click: Unable to click on object 'Object Repository/facilities -label/Page_Add Hotel (1)/a_Facilities' (Root cause: com.kms.katalon.core.webui.exception.BrowserNotOpenedException: Browser is not opened
Build info: version: '3.7.1', revision: '8a0099a', time: '2017-11-06T21:07:36.161Z'
System info: host: 'RAJAT-PC', ip: '192.168.20.63', os.name: 'Windows 8.1', os.arch: 'amd64', os.version: '6.3', java.version: '1.8.0_102'
Driver info: driver.version: unknown)

2018-10-15 12:36:30 - [MESSAGE][WARNING] - Cannot take screenshot

2018-10-15 12:36:30 - [MESSAGE][WARNING] - Unable to click on object 'Object Repository/facilities -label/Page_Add Hotel (1)/a_Facilities' (Root cause: com.kms.katalon.core.webui.exception.BrowserNotOpenedException: Browser is not opened
Build info: version: '3.7.1', revision: '8a0099a', time: '2017-11-06T21:07:36.161Z'
System info: host: 'RAJAT-PC', ip: '192.168.20.63', os.name: 'Windows 8.1', os.arch: 'amd64', os.version: '6.3', java.version: '1.8.0_102'
Driver info: driver.version: unknown)

2018-10-15 12:36:30 - [TEST_STEP][PASSED] - click: Unable to click on object 'Object Repository/facilities -label/Page_Add Hotel/label_Airport Transport' (Root cause: com.kms.katalon.core.webui.exception.BrowserNotOpenedException: Browser is not opened
Build info: version: '3.7.1', revision: '8a0099a', time: '2017-11-06T21:07:36.161Z'
System info: host: 'RAJAT-PC', ip: '192.168.20.63', os.name: 'Windows 8.1', os.arch: 'amd64', os.version: '6.3', java.version: '1.8.0_102'
Driver info: driver.version: unknown)

2018-10-15 12:36:30 - [MESSAGE][WARNING] - Cannot take screenshot

2018-10-15 12:36:30 - [MESSAGE][WARNING] - Unable to click on object 'Object Repository/facilities -label/Page_Add Hotel/label_Airport Transport' (Root cause: com.kms.katalon.core.webui.exception.BrowserNotOpenedException: Browser is not opened
Build info: version: '3.7.1', revision: '8a0099a', time: '2017-11-06T21:07:36.161Z'
System info: host: 'RAJAT-PC', ip: '192.168.20.63', os.name: 'Windows 8.1', os.arch: 'amd64', os.version: '6.3', java.version: '1.8.0_102'
Driver info: driver.version: unknown)

2018-10-15 12:36:30 - [TEST_STEP][PASSED] - waitForElementPresent: Unable to wait for object 'Object Repository/facilities -label/Page_Add Hotel/label_Business Center' to be present (Root cause: com.kms.katalon.core.webui.exception.BrowserNotOpenedException: Browser is not opened
Build info: version: '3.7.1', revision: '8a0099a', time: '2017-11-06T21:07:36.161Z'
System info: host: 'RAJAT-PC', ip: '192.168.20.63', os.name: 'Windows 8.1', os.arch: 'amd64', os.version: '6.3', java.version: '1.8.0_102'
Driver info: driver.version: unknown)

2018-10-15 12:36:30 - [MESSAGE][WARNING] - Cannot take screenshot

2018-10-15 12:36:30 - [MESSAGE][WARNING] - Unable to wait for object 'Object Repository/facilities -label/Page_Add Hotel/label_Business Center' to be present (Root cause: com.kms.katalon.core.webui.exception.BrowserNotOpenedException: Browser is not opened
Build info: version: '3.7.1', revision: '8a0099a', time: '2017-11-06T21:07:36.161Z'
System info: host: 'RAJAT-PC', ip: '192.168.20.63', os.name: 'Windows 8.1', os.arch: 'amd64', os.version: '6.3', java.version: '1.8.0_102'
Driver info: driver.version: unknown)

2018-10-15 12:36:30 - [TEST_STEP][PASSED] - click: Unable to click on object 'Object Repository/facilities -label/Page_Add Hotel/label_Business Center' (Root cause: com.kms.katalon.core.webui.exception.BrowserNotOpenedException: Browser is not opened
Build info: version: '3.7.1', revision: '8a0099a', time: '2017-11-06T21:07:36.161Z'
System info: host: 'RAJAT-PC', ip: '192.168.20.63', os.name: 'Windows 8.1', os.arch: 'amd64', os.version: '6.3', java.version: '1.8.0_102'
Driver info: driver.version: unknown)

2018-10-15 12:36:30 - [MESSAGE][WARNING] - Cannot take screenshot

2018-10-15 12:36:30 - [MESSAGE][WARNING] - Unable to click on object 'Object Repository/facilities -label/Page_Add Hotel/label_Business Center' (Root cause: com.kms.katalon.core.webui.exception.BrowserNotOpenedException: Browser is not opened
Build info: version: '3.7.1', revision: '8a0099a', time: '2017-11-06T21:07:36.161Z'
System info: host: 'RAJAT-PC', ip: '192.168.20.63', os.name: 'Windows 8.1', os.arch: 'amd64', os.version: '6.3', java.version: '1.8.0_102'
Driver info: driver.version: unknown)

2018-10-15 12:36:30 - [TEST_STEP][PASSED] - waitForElementPresent: Unable to wait for object 'Object Repository/facilities -label/Page_Add Hotel/label_Laundry Service' to be present (Root cause: com.kms.katalon.core.webui.exception.BrowserNotOpenedException: Browser is not opened
Build info: version: '3.7.1', revision: '8a0099a', time: '2017-11-06T21:07:36.161Z'
System info: host: 'RAJAT-PC', ip: '192.168.20.63', os.name: 'Windows 8.1', os.arch: 'amd64', os.version: '6.3', java.version: '1.8.0_102'
Driver info: driver.version: unknown)

2018-10-15 12:36:30 - [MESSAGE][WARNING] - Cannot take screenshot

2018-10-15 12:36:30 - [MESSAGE][WARNING] - Unable to wait for object 'Object Repository/facilities -label/Page_Add Hotel/label_Laundry Service' to be present (Root cause: com.kms.katalon.core.webui.exception.BrowserNotOpenedException: Browser is not opened
Build info: version: '3.7.1', revision: '8a0099a', time: '2017-11-06T21:07:36.161Z'
System info: host: 'RAJAT-PC', ip: '192.168.20.63', os.name: 'Windows 8.1', os.arch: 'amd64', os.version: '6.3', java.version: '1.8.0_102'
Driver info: driver.version: unknown)

2018-10-15 12:36:30 - [TEST_STEP][PASSED] - click: Unable to click on object 'Object Repository/facilities -label/Page_Add Hotel/label_Laundry Service' (Root cause: com.kms.katalon.core.webui.exception.BrowserNotOpenedException: Browser is not opened
Build info: version: '3.7.1', revision: '8a0099a', time: '2017-11-06T21:07:36.161Z'
System info: host: 'RAJAT-PC', ip: '192.168.20.63', os.name: 'Windows 8.1', os.arch: 'amd64', os.version: '6.3', java.version: '1.8.0_102'
Driver info: driver.version: unknown)

2018-10-15 12:36:30 - [MESSAGE][WARNING] - Cannot take screenshot

2018-10-15 12:36:30 - [MESSAGE][WARNING] - Unable to click on object 'Object Repository/facilities -label/Page_Add Hotel/label_Laundry Service' (Root cause: com.kms.katalon.core.webui.exception.BrowserNotOpenedException: Browser is not opened
Build info: version: '3.7.1', revision: '8a0099a', time: '2017-11-06T21:07:36.161Z'
System info: host: 'RAJAT-PC', ip: '192.168.20.63', os.name: 'Windows 8.1', os.arch: 'amd64', os.version: '6.3', java.version: '1.8.0_102'
Driver info: driver.version: unknown)

2018-10-15 12:36:30 - [TEST_STEP][PASSED] - waitForElementPresent: Unable to wait for object 'Object Repository/facilities -label/Page_Add Hotel/label_Bar Lounge' to be present (Root cause: com.kms.katalon.core.webui.exception.BrowserNotOpenedException: Browser is not opened
Build info: version: '3.7.1', revision: '8a0099a', time: '2017-11-06T21:07:36.161Z'
System info: host: 'RAJAT-PC', ip: '192.168.20.63', os.name: 'Windows 8.1', os.arch: 'amd64', os.version: '6.3', java.version: '1.8.0_102'
Driver info: driver.version: unknown)

2018-10-15 12:36:30 - [MESSAGE][WARNING] - Cannot take screenshot

2018-10-15 12:36:30 - [MESSAGE][WARNING] - Unable to wait for object 'Object Repository/facilities -label/Page_Add Hotel/label_Bar Lounge' to be present (Root cause: com.kms.katalon.core.webui.exception.BrowserNotOpenedException: Browser is not opened
Build info: version: '3.7.1', revision: '8a0099a', time: '2017-11-06T21:07:36.161Z'
System info: host: 'RAJAT-PC', ip: '192.168.20.63', os.name: 'Windows 8.1', os.arch: 'amd64', os.version: '6.3', java.version: '1.8.0_102'
Driver info: driver.version: unknown)

2018-10-15 12:36:30 - [TEST_STEP][PASSED] - click: Unable to click on object 'Object Repository/facilities -label/Page_Add Hotel/label_Bar Lounge' (Root cause: com.kms.katalon.core.webui.exception.BrowserNotOpenedException: Browser is not opened
Build info: version: '3.7.1', revision: '8a0099a', time: '2017-11-06T21:07:36.161Z'
System info: host: 'RAJAT-PC', ip: '192.168.20.63', os.name: 'Windows 8.1', os.arch: 'amd64', os.version: '6.3', java.version: '1.8.0_102'
Driver info: driver.version: unknown)

2018-10-15 12:36:30 - [MESSAGE][WARNING] - Cannot take screenshot

2018-10-15 12:36:30 - [MESSAGE][WARNING] - Unable to click on object 'Object Repository/facilities -label/Page_Add Hotel/label_Bar Lounge' (Root cause: com.kms.katalon.core.webui.exception.BrowserNotOpenedException: Browser is not opened
Build info: version: '3.7.1', revision: '8a0099a', time: '2017-11-06T21:07:36.161Z'
System info: host: 'RAJAT-PC', ip: '192.168.20.63', os.name: 'Windows 8.1', os.arch: 'amd64', os.version: '6.3', java.version: '1.8.0_102'
Driver info: driver.version: unknown)

2018-10-15 12:36:30 - [TEST_STEP][PASSED] - waitForElementPresent: Unable to wait for object 'Object Repository/facilities -label/Page_Add Hotel/label_Air Conditioner' to be present (Root cause: com.kms.katalon.core.webui.exception.BrowserNotOpenedException: Browser is not opened
Build info: version: '3.7.1', revision: '8a0099a', time: '2017-11-06T21:07:36.161Z'
System info: host: 'RAJAT-PC', ip: '192.168.20.63', os.name: 'Windows 8.1', os.arch: 'amd64', os.version: '6.3', java.version: '1.8.0_102'
Driver info: driver.version: unknown)

2018-10-15 12:36:30 - [MESSAGE][WARNING] - Cannot take screenshot

2018-10-15 12:36:30 - [MESSAGE][WARNING] - Unable to wait for object 'Object Repository/facilities -label/Page_Add Hotel/label_Air Conditioner' to be present (Root cause: com.kms.katalon.core.webui.exception.BrowserNotOpenedException: Browser is not opened
Build info: version: '3.7.1', revision: '8a0099a', time: '2017-11-06T21:07:36.161Z'
System info: host: 'RAJAT-PC', ip: '192.168.20.63', os.name: 'Windows 8.1', os.arch: 'amd64', os.version: '6.3', java.version: '1.8.0_102'
Driver info: driver.version: unknown)

2018-10-15 12:36:30 - [TEST_STEP][PASSED] - click: Unable to click on object 'Object Repository/facilities -label/Page_Add Hotel/label_Air Conditioner' (Root cause: com.kms.katalon.core.webui.exception.BrowserNotOpenedException: Browser is not opened
Build info: version: '3.7.1', revision: '8a0099a', time: '2017-11-06T21:07:36.161Z'
System info: host: 'RAJAT-PC', ip: '192.168.20.63', os.name: 'Windows 8.1', os.arch: 'amd64', os.version: '6.3', java.version: '1.8.0_102'
Driver info: driver.version: unknown)

2018-10-15 12:36:30 - [MESSAGE][WARNING] - Cannot take screenshot

2018-10-15 12:36:30 - [MESSAGE][WARNING] - Unable to click on object 'Object Repository/facilities -label/Page_Add Hotel/label_Air Conditioner' (Root cause: com.kms.katalon.core.webui.exception.BrowserNotOpenedException: Browser is not opened
Build info: version: '3.7.1', revision: '8a0099a', time: '2017-11-06T21:07:36.161Z'
System info: host: 'RAJAT-PC', ip: '192.168.20.63', os.name: 'Windows 8.1', os.arch: 'amd64', os.version: '6.3', java.version: '1.8.0_102'
Driver info: driver.version: unknown)

2018-10-15 12:36:30 - [TEST_STEP][PASSED] - waitForElementPresent: Unable to wait for object 'Object Repository/facilities -label/Page_Add Hotel/label_Elevator' to be present (Root cause: com.kms.katalon.core.webui.exception.BrowserNotOpenedException: Browser is not opened
Build info: version: '3.7.1', revision: '8a0099a', time: '2017-11-06T21:07:36.161Z'
System info: host: 'RAJAT-PC', ip: '192.168.20.63', os.name: 'Windows 8.1', os.arch: 'amd64', os.version: '6.3', java.version: '1.8.0_102'
Driver info: driver.version: unknown)

2018-10-15 12:36:30 - [MESSAGE][WARNING] - Cannot take screenshot

2018-10-15 12:36:30 - [MESSAGE][WARNING] - Unable to wait for object 'Object Repository/facilities -label/Page_Add Hotel/label_Elevator' to be present (Root cause: com.kms.katalon.core.webui.exception.BrowserNotOpenedException: Browser is not opened
Build info: version: '3.7.1', revision: '8a0099a', time: '2017-11-06T21:07:36.161Z'
System info: host: 'RAJAT-PC', ip: '192.168.20.63', os.name: 'Windows 8.1', os.arch: 'amd64', os.version: '6.3', java.version: '1.8.0_102'
Driver info: driver.version: unknown)

2018-10-15 12:36:30 - [TEST_STEP][PASSED] - click: Unable to click on object 'Object Repository/facilities -label/Page_Add Hotel/label_Elevator' (Root cause: com.kms.katalon.core.webui.exception.BrowserNotOpenedException: Browser is not opened
Build info: version: '3.7.1', revision: '8a0099a', time: '2017-11-06T21:07:36.161Z'
System info: host: 'RAJAT-PC', ip: '192.168.20.63', os.name: 'Windows 8.1', os.arch: 'amd64', os.version: '6.3', java.version: '1.8.0_102'
Driver info: driver.version: unknown)

2018-10-15 12:36:30 - [MESSAGE][WARNING] - Cannot take screenshot

2018-10-15 12:36:30 - [MESSAGE][WARNING] - Unable to click on object 'Object Repository/facilities -label/Page_Add Hotel/label_Elevator' (Root cause: com.kms.katalon.core.webui.exception.BrowserNotOpenedException: Browser is not opened
Build info: version: '3.7.1', revision: '8a0099a', time: '2017-11-06T21:07:36.161Z'
System info: host: 'RAJAT-PC', ip: '192.168.20.63', os.name: 'Windows 8.1', os.arch: 'amd64', os.version: '6.3', java.version: '1.8.0_102'
Driver info: driver.version: unknown)

2018-10-15 12:36:30 - [TEST_STEP][PASSED] - waitForElementPresent: Unable to wait for object 'Object Repository/facilities -label/Page_Add Hotel/label_Swimming Pool' to be present (Root cause: com.kms.katalon.core.webui.exception.BrowserNotOpenedException: Browser is not opened
Build info: version: '3.7.1', revision: '8a0099a', time: '2017-11-06T21:07:36.161Z'
System info: host: 'RAJAT-PC', ip: '192.168.20.63', os.name: 'Windows 8.1', os.arch: 'amd64', os.version: '6.3', java.version: '1.8.0_102'
Driver info: driver.version: unknown)

2018-10-15 12:36:30 - [MESSAGE][WARNING] - Cannot take screenshot

2018-10-15 12:36:30 - [MESSAGE][WARNING] - Unable to wait for object 'Object Repository/facilities -label/Page_Add Hotel/label_Swimming Pool' to be present (Root cause: com.kms.katalon.core.webui.exception.BrowserNotOpenedException: Browser is not opened
Build info: version: '3.7.1', revision: '8a0099a', time: '2017-11-06T21:07:36.161Z'
System info: host: 'RAJAT-PC', ip: '192.168.20.63', os.name: 'Windows 8.1', os.arch: 'amd64', os.version: '6.3', java.version: '1.8.0_102'
Driver info: driver.version: unknown)

2018-10-15 12:36:30 - [TEST_STEP][PASSED] - click: Unable to click on object 'Object Repository/facilities -label/Page_Add Hotel/label_Swimming Pool' (Root cause: com.kms.katalon.core.webui.exception.BrowserNotOpenedException: Browser is not opened
Build info: version: '3.7.1', revision: '8a0099a', time: '2017-11-06T21:07:36.161Z'
System info: host: 'RAJAT-PC', ip: '192.168.20.63', os.name: 'Windows 8.1', os.arch: 'amd64', os.version: '6.3', java.version: '1.8.0_102'
Driver info: driver.version: unknown)

2018-10-15 12:36:30 - [MESSAGE][WARNING] - Cannot take screenshot

2018-10-15 12:36:30 - [MESSAGE][WARNING] - Unable to click on object 'Object Repository/facilities -label/Page_Add Hotel/label_Swimming Pool' (Root cause: com.kms.katalon.core.webui.exception.BrowserNotOpenedException: Browser is not opened
Build info: version: '3.7.1', revision: '8a0099a', time: '2017-11-06T21:07:36.161Z'
System info: host: 'RAJAT-PC', ip: '192.168.20.63', os.name: 'Windows 8.1', os.arch: 'amd64', os.version: '6.3', java.version: '1.8.0_102'
Driver info: driver.version: unknown)

2018-10-15 12:36:30 - [TEST_STEP][PASSED] - waitForElementPresent: Unable to wait for object 'Object Repository/facilities -label/Page_Add Hotel/label_Fitness Center' to be present (Root cause: com.kms.katalon.core.webui.exception.BrowserNotOpenedException: Browser is not opened
Build info: version: '3.7.1', revision: '8a0099a', time: '2017-11-06T21:07:36.161Z'
System info: host: 'RAJAT-PC', ip: '192.168.20.63', os.name: 'Windows 8.1', os.arch: 'amd64', os.version: '6.3', java.version: '1.8.0_102'
Driver info: driver.version: unknown)

2018-10-15 12:36:30 - [MESSAGE][WARNING] - Cannot take screenshot

2018-10-15 12:36:30 - [MESSAGE][WARNING] - Unable to wait for object 'Object Repository/facilities -label/Page_Add Hotel/label_Fitness Center' to be present (Root cause: com.kms.katalon.core.webui.exception.BrowserNotOpenedException: Browser is not opened
Build info: version: '3.7.1', revision: '8a0099a', time: '2017-11-06T21:07:36.161Z'
System info: host: 'RAJAT-PC', ip: '192.168.20.63', os.name: 'Windows 8.1', os.arch: 'amd64', os.version: '6.3', java.version: '1.8.0_102'
Driver info: driver.version: unknown)

2018-10-15 12:36:30 - [TEST_STEP][PASSED] - click: Unable to click on object 'Object Repository/facilities -label/Page_Add Hotel/label_Fitness Center' (Root cause: com.kms.katalon.core.webui.exception.BrowserNotOpenedException: Browser is not opened
Build info: version: '3.7.1', revision: '8a0099a', time: '2017-11-06T21:07:36.161Z'
System info: host: 'RAJAT-PC', ip: '192.168.20.63', os.name: 'Windows 8.1', os.arch: 'amd64', os.version: '6.3', java.version: '1.8.0_102'
Driver info: driver.version: unknown)

2018-10-15 12:36:30 - [MESSAGE][WARNING] - Cannot take screenshot

2018-10-15 12:36:30 - [MESSAGE][WARNING] - Unable to click on object 'Object Repository/facilities -label/Page_Add Hotel/label_Fitness Center' (Root cause: com.kms.katalon.core.webui.exception.BrowserNotOpenedException: Browser is not opened
Build info: version: '3.7.1', revision: '8a0099a', time: '2017-11-06T21:07:36.161Z'
System info: host: 'RAJAT-PC', ip: '192.168.20.63', os.name: 'Windows 8.1', os.arch: 'amd64', os.version: '6.3', java.version: '1.8.0_102'
Driver info: driver.version: unknown)

2018-10-15 12:36:30 - [TEST_STEP][PASSED] - waitForElementPresent: Unable to wait for object 'Object Repository/facilities -label/Page_Add Hotel/label_Restaurant' to be present (Root cause: com.kms.katalon.core.webui.exception.BrowserNotOpenedException: Browser is not opened
Build info: version: '3.7.1', revision: '8a0099a', time: '2017-11-06T21:07:36.161Z'
System info: host: 'RAJAT-PC', ip: '192.168.20.63', os.name: 'Windows 8.1', os.arch: 'amd64', os.version: '6.3', java.version: '1.8.0_102'
Driver info: driver.version: unknown)

2018-10-15 12:36:30 - [MESSAGE][WARNING] - Cannot take screenshot

2018-10-15 12:36:30 - [MESSAGE][WARNING] - Unable to wait for object 'Object Repository/facilities -label/Page_Add Hotel/label_Restaurant' to be present (Root cause: com.kms.katalon.core.webui.exception.BrowserNotOpenedException: Browser is not opened
Build info: version: '3.7.1', revision: '8a0099a', time: '2017-11-06T21:07:36.161Z'
System info: host: 'RAJAT-PC', ip: '192.168.20.63', os.name: 'Windows 8.1', os.arch: 'amd64', os.version: '6.3', java.version: '1.8.0_102'
Driver info: driver.version: unknown)

2018-10-15 12:36:30 - [TEST_STEP][PASSED] - click: Unable to click on object 'Object Repository/facilities -label/Page_Add Hotel/label_Restaurant' (Root cause: com.kms.katalon.core.webui.exception.BrowserNotOpenedException: Browser is not opened
Build info: version: '3.7.1', revision: '8a0099a', time: '2017-11-06T21:07:36.161Z'
System info: host: 'RAJAT-PC', ip: '192.168.20.63', os.name: 'Windows 8.1', os.arch: 'amd64', os.version: '6.3', java.version: '1.8.0_102'
Driver info: driver.version: unknown)

2018-10-15 12:36:30 - [MESSAGE][WARNING] - Cannot take screenshot

2018-10-15 12:36:30 - [MESSAGE][WARNING] - Unable to click on object 'Object Repository/facilities -label/Page_Add Hotel/label_Restaurant' (Root cause: com.kms.katalon.core.webui.exception.BrowserNotOpenedException: Browser is not opened
Build info: version: '3.7.1', revision: '8a0099a', time: '2017-11-06T21:07:36.161Z'
System info: host: 'RAJAT-PC', ip: '192.168.20.63', os.name: 'Windows 8.1', os.arch: 'amd64', os.version: '6.3', java.version: '1.8.0_102'
Driver info: driver.version: unknown)

2018-10-15 12:36:30 - [TEST_STEP][PASSED] - waitForElementPresent: Unable to wait for object 'Object Repository/facilities -label/Page_Add Hotel/label_Disabled Facilities' to be present (Root cause: com.kms.katalon.core.webui.exception.BrowserNotOpenedException: Browser is not opened
Build info: version: '3.7.1', revision: '8a0099a', time: '2017-11-06T21:07:36.161Z'
System info: host: 'RAJAT-PC', ip: '192.168.20.63', os.name: 'Windows 8.1', os.arch: 'amd64', os.version: '6.3', java.version: '1.8.0_102'
Driver info: driver.version: unknown)

2018-10-15 12:36:30 - [MESSAGE][WARNING] - Cannot take screenshot

2018-10-15 12:36:30 - [MESSAGE][WARNING] - Unable to wait for object 'Object Repository/facilities -label/Page_Add Hotel/label_Disabled Facilities' to be present (Root cause: com.kms.katalon.core.webui.exception.BrowserNotOpenedException: Browser is not opened
Build info: version: '3.7.1', revision: '8a0099a', time: '2017-11-06T21:07:36.161Z'
System info: host: 'RAJAT-PC', ip: '192.168.20.63', os.name: 'Windows 8.1', os.arch: 'amd64', os.version: '6.3', java.version: '1.8.0_102'
Driver info: driver.version: unknown)

2018-10-15 12:36:30 - [TEST_STEP][PASSED] - click: Unable to click on object 'Object Repository/facilities -label/Page_Add Hotel/label_Disabled Facilities' (Root cause: com.kms.katalon.core.webui.exception.BrowserNotOpenedException: Browser is not opened
Build info: version: '3.7.1', revision: '8a0099a', time: '2017-11-06T21:07:36.161Z'
System info: host: 'RAJAT-PC', ip: '192.168.20.63', os.name: 'Windows 8.1', os.arch: 'amd64', os.version: '6.3', java.version: '1.8.0_102'
Driver info: driver.version: unknown)

2018-10-15 12:36:30 - [MESSAGE][WARNING] - Cannot take screenshot

2018-10-15 12:36:30 - [MESSAGE][WARNING] - Unable to click on object 'Object Repository/facilities -label/Page_Add Hotel/label_Disabled Facilities' (Root cause: com.kms.katalon.core.webui.exception.BrowserNotOpenedException: Browser is not opened
Build info: version: '3.7.1', revision: '8a0099a', time: '2017-11-06T21:07:36.161Z'
System info: host: 'RAJAT-PC', ip: '192.168.20.63', os.name: 'Windows 8.1', os.arch: 'amd64', os.version: '6.3', java.version: '1.8.0_102'
Driver info: driver.version: unknown)

2018-10-15 12:36:30 - [TEST_STEP][PASSED] - waitForElementPresent: Unable to wait for object 'Object Repository/facilities -label/Page_Add Hotel/label_Children Activites' to be present (Root cause: com.kms.katalon.core.webui.exception.BrowserNotOpenedException: Browser is not opened
Build info: version: '3.7.1', revision: '8a0099a', time: '2017-11-06T21:07:36.161Z'
System info: host: 'RAJAT-PC', ip: '192.168.20.63', os.name: 'Windows 8.1', os.arch: 'amd64', os.version: '6.3', java.version: '1.8.0_102'
Driver info: driver.version: unknown)

2018-10-15 12:36:30 - [MESSAGE][WARNING] - Cannot take screenshot

2018-10-15 12:36:30 - [MESSAGE][WARNING] - Unable to wait for object 'Object Repository/facilities -label/Page_Add Hotel/label_Children Activites' to be present (Root cause: com.kms.katalon.core.webui.exception.BrowserNotOpenedException: Browser is not opened
Build info: version: '3.7.1', revision: '8a0099a', time: '2017-11-06T21:07:36.161Z'
System info: host: 'RAJAT-PC', ip: '192.168.20.63', os.name: 'Windows 8.1', os.arch: 'amd64', os.version: '6.3', java.version: '1.8.0_102'
Driver info: driver.version: unknown)

2018-10-15 12:36:30 - [TEST_STEP][PASSED] - click: Unable to click on object 'Object Repository/facilities -label/Page_Add Hotel/label_Children Activites' (Root cause: com.kms.katalon.core.webui.exception.BrowserNotOpenedException: Browser is not opened
Build info: version: '3.7.1', revision: '8a0099a', time: '2017-11-06T21:07:36.161Z'
System info: host: 'RAJAT-PC', ip: '192.168.20.63', os.name: 'Windows 8.1', os.arch: 'amd64', os.version: '6.3', java.version: '1.8.0_102'
Driver info: driver.version: unknown)

2018-10-15 12:36:30 - [MESSAGE][WARNING] - Cannot take screenshot

2018-10-15 12:36:30 - [MESSAGE][WARNING] - Unable to click on object 'Object Repository/facilities -label/Page_Add Hotel/label_Children Activites' (Root cause: com.kms.katalon.core.webui.exception.BrowserNotOpenedException: Browser is not opened
Build info: version: '3.7.1', revision: '8a0099a', time: '2017-11-06T21:07:36.161Z'
System info: host: 'RAJAT-PC', ip: '192.168.20.63', os.name: 'Windows 8.1', os.arch: 'amd64', os.version: '6.3', java.version: '1.8.0_102'
Driver info: driver.version: unknown)

2018-10-15 12:36:30 - [TEST_STEP][PASSED] - waitForElementPresent: Unable to wait for object 'Object Repository/facilities -label/Page_Add Hotel/label_Pets Allowed' to be present (Root cause: com.kms.katalon.core.webui.exception.BrowserNotOpenedException: Browser is not opened
Build info: version: '3.7.1', revision: '8a0099a', time: '2017-11-06T21:07:36.161Z'
System info: host: 'RAJAT-PC', ip: '192.168.20.63', os.name: 'Windows 8.1', os.arch: 'amd64', os.version: '6.3', java.version: '1.8.0_102'
Driver info: driver.version: unknown)

2018-10-15 12:36:30 - [MESSAGE][WARNING] - Cannot take screenshot

2018-10-15 12:36:30 - [MESSAGE][WARNING] - Unable to wait for object 'Object Repository/facilities -label/Page_Add Hotel/label_Pets Allowed' to be present (Root cause: com.kms.katalon.core.webui.exception.BrowserNotOpenedException: Browser is not opened
Build info: version: '3.7.1', revision: '8a0099a', time: '2017-11-06T21:07:36.161Z'
System info: host: 'RAJAT-PC', ip: '192.168.20.63', os.name: 'Windows 8.1', os.arch: 'amd64', os.version: '6.3', java.version: '1.8.0_102'
Driver info: driver.version: unknown)

2018-10-15 12:36:30 - [TEST_STEP][PASSED] - click: Unable to click on object 'Object Repository/facilities -label/Page_Add Hotel/label_Pets Allowed' (Root cause: com.kms.katalon.core.webui.exception.BrowserNotOpenedException: Browser is not opened
Build info: version: '3.7.1', revision: '8a0099a', time: '2017-11-06T21:07:36.161Z'
System info: host: 'RAJAT-PC', ip: '192.168.20.63', os.name: 'Windows 8.1', os.arch: 'amd64', os.version: '6.3', java.version: '1.8.0_102'
Driver info: driver.version: unknown)

2018-10-15 12:36:30 - [MESSAGE][WARNING] - Cannot take screenshot

2018-10-15 12:36:30 - [MESSAGE][WARNING] - Unable to click on object 'Object Repository/facilities -label/Page_Add Hotel/label_Pets Allowed' (Root cause: com.kms.katalon.core.webui.exception.BrowserNotOpenedException: Browser is not opened
Build info: version: '3.7.1', revision: '8a0099a', time: '2017-11-06T21:07:36.161Z'
System info: host: 'RAJAT-PC', ip: '192.168.20.63', os.name: 'Windows 8.1', os.arch: 'amd64', os.version: '6.3', java.version: '1.8.0_102'
Driver info: driver.version: unknown)

2018-10-15 12:36:30 - [TEST_STEP][PASSED] - waitForElementPresent: Unable to wait for object 'Object Repository/facilities -label/Page_Add Hotel/label_SPA' to be present (Root cause: com.kms.katalon.core.webui.exception.BrowserNotOpenedException: Browser is not opened
Build info: version: '3.7.1', revision: '8a0099a', time: '2017-11-06T21:07:36.161Z'
System info: host: 'RAJAT-PC', ip: '192.168.20.63', os.name: 'Windows 8.1', os.arch: 'amd64', os.version: '6.3', java.version: '1.8.0_102'
Driver info: driver.version: unknown)

2018-10-15 12:36:30 - [MESSAGE][WARNING] - Cannot take screenshot

2018-10-15 12:36:30 - [MESSAGE][WARNING] - Unable to wait for object 'Object Repository/facilities -label/Page_Add Hotel/label_SPA' to be present (Root cause: com.kms.katalon.core.webui.exception.BrowserNotOpenedException: Browser is not opened
Build info: version: '3.7.1', revision: '8a0099a', time: '2017-11-06T21:07:36.161Z'
System info: host: 'RAJAT-PC', ip: '192.168.20.63', os.name: 'Windows 8.1', os.arch: 'amd64', os.version: '6.3', java.version: '1.8.0_102'
Driver info: driver.version: unknown)

2018-10-15 12:36:30 - [TEST_STEP][PASSED] - click: Unable to click on object 'Object Repository/facilities -label/Page_Add Hotel/label_SPA' (Root cause: com.kms.katalon.core.webui.exception.BrowserNotOpenedException: Browser is not opened
Build info: version: '3.7.1', revision: '8a0099a', time: '2017-11-06T21:07:36.161Z'
System info: host: 'RAJAT-PC', ip: '192.168.20.63', os.name: 'Windows 8.1', os.arch: 'amd64', os.version: '6.3', java.version: '1.8.0_102'
Driver info: driver.version: unknown)

2018-10-15 12:36:30 - [MESSAGE][WARNING] - Cannot take screenshot

2018-10-15 12:36:30 - [MESSAGE][WARNING] - Unable to click on object 'Object Repository/facilities -label/Page_Add Hotel/label_SPA' (Root cause: com.kms.katalon.core.webui.exception.BrowserNotOpenedException: Browser is not opened
Build info: version: '3.7.1', revision: '8a0099a', time: '2017-11-06T21:07:36.161Z'
System info: host: 'RAJAT-PC', ip: '192.168.20.63', os.name: 'Windows 8.1', os.arch: 'amd64', os.version: '6.3', java.version: '1.8.0_102'
Driver info: driver.version: unknown)

2018-10-15 12:36:30 - [TEST_STEP][NOT_RUN] - click: NOT_RUN: click

2018-10-15 12:36:30 - [MESSAGE][NOT_RUN] - NOT_RUN: click

2018-10-15 12:36:30 - [TEST_STEP][NOT_RUN] - closeBrowser: NOT_RUN: closeBrowser

2018-10-15 12:36:30 - [MESSAGE][NOT_RUN] - NOT_RUN: closeBrowser]]></system-out>
         <system-err><![CDATA[]]></system-err>
      </testcase>
      <system-out><![CDATA[2018-10-15 12:34:50 - [TEST_SUITE][PASSED] - sample 1: Test Cases/facilities]]></system-out>
      <system-err><![CDATA[]]></system-err>
   </testsuite>
</testsuites>
